TN:
SF:script/DeployDsc.s.sol
FN:14,DeployDsc.run
FNDA:0,DeployDsc.run
DA:15,0
DA:17,0
DA:23,0
DA:25,0
DA:26,0
DA:28,0
DA:30,0
DA:31,0
DA:33,0
DA:35,0
DA:37,0
FNF:1
FNH:0
LF:11
LH:0
BRF:0
BRH:0
end_of_record
TN:
SF:script/HelperConfig.s.sol
FN:34,HelperConfig.getSepoliaEthConfig
FNDA:0,HelperConfig.getSepoliaEthConfig
DA:35,0
FN:44,HelperConfig.getOrCreateAnvilEthConfig
FNDA:0,HelperConfig.getOrCreateAnvilEthConfig
DA:45,0
BRDA:45,0,0,-
BRDA:45,0,1,-
DA:46,0
DA:49,0
DA:51,0
DA:56,0
DA:58,0
DA:63,0
DA:65,0
DA:67,0
FNF:2
FNH:0
LF:10
LH:0
BRF:2
BRH:0
end_of_record
TN:
SF:src/Engine.sol
FN:82,Engine.depositCollateralAndMintDsc
FNDA:6,Engine.depositCollateralAndMintDsc
DA:87,6
DA:88,6
FN:96,Engine.depositCollateral
FNDA:8,Engine.depositCollateral
DA:102,12
DA:104,12
DA:106,12
BRDA:106,0,0,-
BRDA:106,0,1,12
DA:107,0
DA:110,12
FN:119,Engine.redeemCollateralAndBurnDsc
FNDA:1,Engine.redeemCollateralAndBurnDsc
DA:125,1
DA:126,1
FN:129,Engine.redeemCollateral
FNDA:3,Engine.redeemCollateral
DA:135,2
DA:136,2
FN:143,Engine.mintDsc
FNDA:3,Engine.mintDsc
DA:144,8
DA:146,8
DA:148,8
DA:149,8
BRDA:149,1,0,-
BRDA:149,1,1,8
DA:150,0
FN:154,Engine.burnDsc
FNDA:2,Engine.burnDsc
DA:155,2
DA:156,2
FN:165,Engine.liquidate
FNDA:2,Engine.liquidate
DA:170,2
DA:172,2
BRDA:172,2,0,1
BRDA:172,2,1,1
DA:173,1
DA:176,1
DA:177,1
DA:179,1
DA:181,1
DA:183,1
DA:185,1
DA:187,1
BRDA:187,3,0,-
BRDA:187,3,1,1
DA:188,0
DA:191,1
FN:198,Engine._redeemCollateral
FNDA:3,Engine._redeemCollateral
DA:199,3
DA:201,3
DA:203,3
BRDA:203,4,0,-
BRDA:203,4,1,3
DA:204,0
DA:207,3
FN:210,Engine._burnDsc
FNDA:3,Engine._burnDsc
DA:211,3
DA:213,3
DA:214,3
BRDA:214,5,0,-
BRDA:214,5,1,3
DA:215,0
DA:218,3
FN:221,Engine._getAccountInformation
FNDA:17,Engine._getAccountInformation
DA:226,17
DA:227,17
FN:234,Engine._healthFactor
FNDA:16,Engine._healthFactor
DA:235,16
DA:237,16
BRDA:237,6,0,4
BRDA:237,6,1,12
DA:238,4
DA:241,12
DA:243,12
FN:246,Engine._revertIfHealthFactorIsBroken
FNDA:13,Engine._revertIfHealthFactorIsBroken
DA:247,13
DA:249,13
BRDA:249,7,0,1
BRDA:249,7,1,12
DA:250,1
FN:258,Engine.getAccountCollateralValue
FNDA:0,Engine.getAccountCollateralValue
DA:259,17
DA:260,34
DA:261,34
DA:263,34
FN:267,Engine.getUsdValue
FNDA:1,Engine.getUsdValue
DA:268,35
DA:269,35
DA:271,35
FN:274,Engine.getTokenAmountFromUsd
FNDA:2,Engine.getTokenAmountFromUsd
DA:275,3
DA:276,3
DA:278,3
FN:281,Engine.getHealthFactor
FNDA:0,Engine.getHealthFactor
FN:283,Engine.getAccountInformation
FNDA:1,Engine.getAccountInformation
DA:288,1
FNF:17
FNH:15
LF:61
LH:56
BRF:16
BRH:11
end_of_record
TN:
SF:src/StableCoin.sol
FN:23,StableCoin.burn
FNDA:3,StableCoin.burn
DA:24,3
BRDA:24,0,0,-
BRDA:24,0,1,3
DA:25,0
DA:28,3
DA:29,3
BRDA:29,1,0,-
BRDA:29,1,1,3
DA:30,0
DA:33,3
FN:36,StableCoin.mint
FNDA:8,StableCoin.mint
DA:37,8
BRDA:37,2,0,-
BRDA:37,2,1,8
DA:38,0
DA:41,8
BRDA:41,3,0,-
BRDA:41,3,1,8
DA:42,0
DA:45,8
DA:47,8
FNF:2
FNH:2
LF:12
LH:8
BRF:8
BRH:4
end_of_record
TN:
SF:test/mocks/ERC20Mock.sol
FN:18,ERC20Mock.mint
FNDA:2,ERC20Mock.mint
DA:19,2
FN:22,ERC20Mock.burn
FNDA:0,ERC20Mock.burn
DA:23,0
FN:26,ERC20Mock.transferInternal
FNDA:0,ERC20Mock.transferInternal
DA:31,0
FN:34,ERC20Mock.approveInternal
FNDA:0,ERC20Mock.approveInternal
DA:39,0
FNF:4
FNH:1
LF:4
LH:1
BRF:0
BRH:0
end_of_record
TN:
SF:test/mocks/MockV3Aggregator.sol
FN:29,MockV3Aggregator.updateAnswer
FNDA:1,MockV3Aggregator.updateAnswer
DA:30,1
DA:31,1
DA:32,1
DA:33,1
DA:34,1
DA:35,1
FN:38,MockV3Aggregator.updateRoundData
FNDA:0,MockV3Aggregator.updateRoundData
DA:39,0
DA:40,0
DA:41,0
DA:42,0
DA:43,0
DA:44,0
FN:47,MockV3Aggregator.getRoundData
FNDA:0,MockV3Aggregator.getRoundData
DA:52,0
FN:55,MockV3Aggregator.latestRoundData
FNDA:38,MockV3Aggregator.latestRoundData
DA:60,38
FN:69,MockV3Aggregator.description
FNDA:0,MockV3Aggregator.description
DA:70,0
FNF:5
FNH:2
LF:15
LH:7
BRF:0
BRH:0
end_of_record
